==13335== Memcheck, a memory error detector
==13335== Copyright (C) 2002-2022, and GNU GPL'd, by Julian Seward et al.
==13335== Using Valgrind-3.19.0 and LibVEX; rerun with -h for copyright info
==13335== Command: ./main
==13335== Parent PID: 12626
==13335== 
==13335== Invalid read of size 1
==13335==    at 0x490D9F3: strtok_r (strtok_r.c:47)
==13335==    by 0x109A9F: IntilizeSchool (in /home/ouriel/Desktop/Bootcamp/checkPoint/School_DB_Project/DB_manager/main)
==13335==    by 0x1093FA: main (in /home/ouriel/Desktop/Bootcamp/checkPoint/School_DB_Project/DB_manager/main)
==13335==    by 0x4889A8F: __libc_start_call_main (libc_start_call_main.h:58)
==13335==    by 0x4889B48: __libc_start_main@@GLIBC_2.34 (libc-start.c:360)
==13335==    by 0x109244: _start (in /home/ouriel/Desktop/Bootcamp/checkPoint/School_DB_Project/DB_manager/main)
==13335==    by 0x1FFEFFFC07: ???
==13335==    by 0x37: ???
==13335==  Address 0x54486fc is 0 bytes after a block of size 6,137,532 alloc'd
==13335==    at 0x4843828: malloc (in /usr/libexec/valgrind/vgpreload_memcheck-amd64-linux.so)
==13335==    by 0x10952F: readDataFromFile (in /home/ouriel/Desktop/Bootcamp/checkPoint/School_DB_Project/DB_manager/main)
==13335==    by 0x109343: main (in /home/ouriel/Desktop/Bootcamp/checkPoint/School_DB_Project/DB_manager/main)
==13335==    by 0x4889A8F: __libc_start_call_main (libc_start_call_main.h:58)
==13335==    by 0x4889B48: __libc_start_main@@GLIBC_2.34 (libc-start.c:360)
==13335==    by 0x109244: _start (in /home/ouriel/Desktop/Bootcamp/checkPoint/School_DB_Project/DB_manager/main)
==13335==    by 0x1FFEFFFC07: ???
==13335==    by 0x37: ???
==13335== 
==13335== 
==13335== HEAP SUMMARY:
==13335==     in use at exit: 12,800,000 bytes in 200,000 blocks
==13335==   total heap usage: 200,005 allocs, 5 frees, 18,943,324 bytes allocated
==13335== 
==13335== 40 bytes in 1 blocks are still reachable in loss record 1 of 4
==13335==    at 0x4843828: malloc (in /usr/libexec/valgrind/vgpreload_memcheck-amd64-linux.so)
==13335==    by 0x10974A: createStudentFromString (in /home/ouriel/Desktop/Bootcamp/checkPoint/School_DB_Project/DB_manager/main)
==13335==    by 0x1099BC: IntilizeSchool (in /home/ouriel/Desktop/Bootcamp/checkPoint/School_DB_Project/DB_manager/main)
==13335==    by 0x1093FA: main (in /home/ouriel/Desktop/Bootcamp/checkPoint/School_DB_Project/DB_manager/main)
==13335==    by 0x4889A8F: __libc_start_call_main (libc_start_call_main.h:58)
==13335==    by 0x4889B48: __libc_start_main@@GLIBC_2.34 (libc-start.c:360)
==13335==    by 0x109244: _start (in /home/ouriel/Desktop/Bootcamp/checkPoint/School_DB_Project/DB_manager/main)
==13335==    by 0x1FFEFFFC07: ???
==13335==    by 0x37: ???
==13335== 
==13335== 3,999,960 bytes in 99,999 blocks are indirectly lost in loss record 2 of 4
==13335==    at 0x4843828: malloc (in /usr/libexec/valgrind/vgpreload_memcheck-amd64-linux.so)
==13335==    by 0x10974A: createStudentFromString (in /home/ouriel/Desktop/Bootcamp/checkPoint/School_DB_Project/DB_manager/main)
==13335==    by 0x1099BC: IntilizeSchool (in /home/ouriel/Desktop/Bootcamp/checkPoint/School_DB_Project/DB_manager/main)
==13335==    by 0x1093FA: main (in /home/ouriel/Desktop/Bootcamp/checkPoint/School_DB_Project/DB_manager/main)
==13335==    by 0x4889A8F: __libc_start_call_main (libc_start_call_main.h:58)
==13335==    by 0x4889B48: __libc_start_main@@GLIBC_2.34 (libc-start.c:360)
==13335==    by 0x109244: _start (in /home/ouriel/Desktop/Bootcamp/checkPoint/School_DB_Project/DB_manager/main)
==13335==    by 0x1FFEFFFC07: ???
==13335==    by 0x37: ???
==13335== 
==13335== 8,789,440 bytes in 99,880 blocks are indirectly lost in loss record 3 of 4
==13335==    at 0x4843828: malloc (in /usr/libexec/valgrind/vgpreload_memcheck-amd64-linux.so)
==13335==    by 0x10958B: createStudent (in /home/ouriel/Desktop/Bootcamp/checkPoint/School_DB_Project/DB_manager/main)
==13335==    by 0x1097DD: createStudentFromString (in /home/ouriel/Desktop/Bootcamp/checkPoint/School_DB_Project/DB_manager/main)
==13335==    by 0x1099BC: IntilizeSchool (in /home/ouriel/Desktop/Bootcamp/checkPoint/School_DB_Project/DB_manager/main)
==13335==    by 0x1093FA: main (in /home/ouriel/Desktop/Bootcamp/checkPoint/School_DB_Project/DB_manager/main)
==13335==    by 0x4889A8F: __libc_start_call_main (libc_start_call_main.h:58)
==13335==    by 0x4889B48: __libc_start_main@@GLIBC_2.34 (libc-start.c:360)
==13335==    by 0x109244: _start (in /home/ouriel/Desktop/Bootcamp/checkPoint/School_DB_Project/DB_manager/main)
==13335==    by 0x1FFEFFFC07: ???
==13335==    by 0x37: ???
==13335== 
==13335== 12,799,960 (10,560 direct, 12,789,400 indirect) bytes in 120 blocks are definitely lost in loss record 4 of 4
==13335==    at 0x4843828: malloc (in /usr/libexec/valgrind/vgpreload_memcheck-amd64-linux.so)
==13335==    by 0x10958B: createStudent (in /home/ouriel/Desktop/Bootcamp/checkPoint/School_DB_Project/DB_manager/main)
==13335==    by 0x1097DD: createStudentFromString (in /home/ouriel/Desktop/Bootcamp/checkPoint/School_DB_Project/DB_manager/main)
==13335==    by 0x1099BC: IntilizeSchool (in /home/ouriel/Desktop/Bootcamp/checkPoint/School_DB_Project/DB_manager/main)
==13335==    by 0x1093FA: main (in /home/ouriel/Desktop/Bootcamp/checkPoint/School_DB_Project/DB_manager/main)
==13335==    by 0x4889A8F: __libc_start_call_main (libc_start_call_main.h:58)
==13335==    by 0x4889B48: __libc_start_main@@GLIBC_2.34 (libc-start.c:360)
==13335==    by 0x109244: _start (in /home/ouriel/Desktop/Bootcamp/checkPoint/School_DB_Project/DB_manager/main)
==13335==    by 0x1FFEFFFC07: ???
==13335==    by 0x37: ???
==13335== 
==13335== LEAK SUMMARY:
==13335==    definitely lost: 10,560 bytes in 120 blocks
==13335==    indirectly lost: 12,789,400 bytes in 199,879 blocks
==13335==      possibly lost: 0 bytes in 0 blocks
==13335==    still reachable: 40 bytes in 1 blocks
==13335==         suppressed: 0 bytes in 0 blocks
==13335== 
==13335== For lists of detected and suppressed errors, rerun with: -s
==13335== ERROR SUMMARY: 2 errors from 2 contexts (suppressed: 0 from 0)
